2025-04-21 12:35:24.069854+00:00
2025-04-21 12:38:45.403714+00:00
2025-04-21 12:39:11.946880+00:00
jnjsvns
Traceback (most recent call last):
  File "D:\учеба\4 семестр\проетирование ПО\сайт для записи на игровые тренировки\training_website\training_website\manage.py", line 22, in <module>
    main()
    ~~~~^^
  File "D:\учеба\4 семестр\проетирование ПО\сайт для записи на игровые тренировки\training_website\training_website\manage.py", line 18, in main
    execute_from_command_line(sys.argv)
    ~~~~~~~~~~~~~~~~~~~~~~~~~^^^^^^^^^^
  File "D:\учеба\4 семестр\проетирование ПО\сайт для записи на игровые тренировки\training_website\venv\Lib\site-packages\django\core\management\__init__.py", line 442, in execute_from_command_line
    utility.execute()
    ~~~~~~~~~~~~~~~^^
  File "D:\учеба\4 семестр\проетирование ПО\сайт для записи на игровые тренировки\training_website\venv\Lib\site-packages\django\core\management\__init__.py", line 436, in execute
    self.fetch_command(subcommand).run_from_argv(self.argv)
    ~~~~~~~~~~~~~~~~~~~~~~~~~~~~~~~~~~~~~~~~~~~~^^^^^^^^^^^
  File "D:\учеба\4 семестр\проетирование ПО\сайт для записи на игровые тренировки\training_website\venv\Lib\site-packages\django\core\management\base.py", line 413, in run_from_argv
    self.execute(*args, **cmd_options)
    ~~~~~~~~~~~~^^^^^^^^^^^^^^^^^^^^^^
  File "D:\учеба\4 семестр\проетирование ПО\сайт для записи на игровые тренировки\training_website\venv\Lib\site-packages\django\core\management\base.py", line 459, in execute
    output = self.handle(*args, **options)
  File "D:\учеба\4 семестр\проетирование ПО\сайт для записи на игровые тренировки\training_website\training_website\users\management\commands\send_training_reminders.py", line 24, in handle
    self.stdout.write(f"\U0001f4e9 Отправлено: {user.email}")
    ~~~~~~~~~~~~~~~~~^^^^^^^^^^^^^^^^^^^^^^^^^^^^^^^^
  File "D:\учеба\4 семестр\проетирование ПО\сайт для записи на игровые тренировки\training_website\venv\Lib\site-packages\django\core\management\base.py", line 181, in write
    self._out.write(style_func(msg))
    ~~~~~~~~~~~~~~~^^^^^^^^^^^^^^^^^
  File "C:\Users\ivans\AppData\Local\Programs\Python\Python313\Lib\encodings\cp1251.py", line 19, in encode
    return codecs.charmap_encode(input,self.errors,encoding_table)[0]
           ~~~~~~~~~~~~~~~~~~~~~^^^^^^^^^^^^^^^^^^^^^^^^^^^^^^^^^^
UnicodeEncodeError: 'charmap' codec can't encode character '\U0001f4e9' in position 0: character maps to <undefined>
2025-04-21 12:40:27.644330+00:00
2025-04-21 12:40:44.603266+00:00
2025-04-21 12:41:35.560467+00:00
2025-04-21 12:43:22.800105+00:00
2025-04-21 12:43:41.230291+00:00
jnjsvns
Traceback (most recent call last):
  File "D:\учеба\4 семестр\проетирование ПО\сайт для записи на игровые тренировки\training_website\training_website\manage.py", line 22, in <module>
    main()
    ~~~~^^
  File "D:\учеба\4 семестр\проетирование ПО\сайт для записи на игровые тренировки\training_website\training_website\manage.py", line 18, in main
    execute_from_command_line(sys.argv)
    ~~~~~~~~~~~~~~~~~~~~~~~~~^^^^^^^^^^
  File "D:\учеба\4 семестр\проетирование ПО\сайт для записи на игровые тренировки\training_website\venv\Lib\site-packages\django\core\management\__init__.py", line 442, in execute_from_command_line
    utility.execute()
    ~~~~~~~~~~~~~~~^^
  File "D:\учеба\4 семестр\проетирование ПО\сайт для записи на игровые тренировки\training_website\venv\Lib\site-packages\django\core\management\__init__.py", line 436, in execute
    self.fetch_command(subcommand).run_from_argv(self.argv)
    ~~~~~~~~~~~~~~~~~~~~~~~~~~~~~~~~~~~~~~~~~~~~^^^^^^^^^^^
  File "D:\учеба\4 семестр\проетирование ПО\сайт для записи на игровые тренировки\training_website\venv\Lib\site-packages\django\core\management\base.py", line 413, in run_from_argv
    self.execute(*args, **cmd_options)
    ~~~~~~~~~~~~^^^^^^^^^^^^^^^^^^^^^^
  File "D:\учеба\4 семестр\проетирование ПО\сайт для записи на игровые тренировки\training_website\venv\Lib\site-packages\django\core\management\base.py", line 459, in execute
    output = self.handle(*args, **options)
  File "D:\учеба\4 семестр\проетирование ПО\сайт для записи на игровые тренировки\training_website\training_website\users\management\commands\send_training_reminders.py", line 24, in handle
    self.stdout.write(f"\U0001f4e9 Отправлено: {user.email}")
    ~~~~~~~~~~~~~~~~~^^^^^^^^^^^^^^^^^^^^^^^^^^^^^^^^
  File "D:\учеба\4 семестр\проетирование ПО\сайт для записи на игровые тренировки\training_website\venv\Lib\site-packages\django\core\management\base.py", line 181, in write
    self._out.write(style_func(msg))
    ~~~~~~~~~~~~~~~^^^^^^^^^^^^^^^^^
  File "C:\Users\ivans\AppData\Local\Programs\Python\Python313\Lib\encodings\cp1251.py", line 19, in encode
    return codecs.charmap_encode(input,self.errors,encoding_table)[0]
           ~~~~~~~~~~~~~~~~~~~~~^^^^^^^^^^^^^^^^^^^^^^^^^^^^^^^^^^
UnicodeEncodeError: 'charmap' codec can't encode character '\U0001f4e9' in position 0: character maps to <undefined>
